This is pdfTeX, Version 3.141592653-2.6-1.40.25 (TeX Live 2023) (preloaded format=pdflatex 2023.10.20)  11 MAR 2025 10:08
entering extended mode
 restricted \write18 enabled.
 file:line:error style messages enabled.
 %&-line parsing enabled.
**data_driven_selection.tex
(./data_driven_selection.tex
LaTeX2e <2022-11-01> patch level 1
L3 programming layer <2023-02-22>
(/usr/local/texlive/2023/texmf-dist/tex/latex/beamer/beamer.cls
Document Class: beamer 2023/02/20 v3.69 A class for typesetting presentations
(/usr/local/texlive/2023/texmf-dist/tex/latex/beamer/beamerbasemodes.sty
(/usr/local/texlive/2023/texmf-dist/tex/latex/etoolbox/etoolbox.sty
Package: etoolbox 2020/10/05 v2.5k e-TeX tools for LaTeX (JAW)
\etb@tempcnta=\count185
)
\beamer@tempbox=\box51
\beamer@tempcount=\count186
\c@beamerpauses=\count187

(/usr/local/texlive/2023/texmf-dist/tex/latex/beamer/beamerbasedecode.sty
\beamer@slideinframe=\count188
\beamer@minimum=\count189
\beamer@decode@box=\box52
)
\beamer@commentbox=\box53
\beamer@modecount=\count190
)
(/usr/local/texlive/2023/texmf-dist/tex/generic/iftex/iftex.sty
Package: iftex 2022/02/03 v1.0f TeX engine tests
)
\headdp=\dimen140
\footheight=\dimen141
\sidebarheight=\dimen142
\beamer@tempdim=\dimen143
\beamer@finalheight=\dimen144
\beamer@animht=\dimen145
\beamer@animdp=\dimen146
\beamer@animwd=\dimen147
\beamer@leftmargin=\dimen148
\beamer@rightmargin=\dimen149
\beamer@leftsidebar=\dimen150
\beamer@rightsidebar=\dimen151
\beamer@boxsize=\dimen152
\beamer@vboxoffset=\dimen153
\beamer@descdefault=\dimen154
\beamer@descriptionwidth=\dimen155
\beamer@lastskip=\skip48
\beamer@areabox=\box54
\beamer@animcurrent=\box55
\beamer@animshowbox=\box56
\beamer@sectionbox=\box57
\beamer@logobox=\box58
\beamer@linebox=\box59
\beamer@sectioncount=\count191
\beamer@subsubsectionmax=\count192
\beamer@subsectionmax=\count193
\beamer@sectionmax=\count194
\beamer@totalheads=\count195
\beamer@headcounter=\count196
\beamer@partstartpage=\count197
\beamer@sectionstartpage=\count198
\beamer@subsectionstartpage=\count199
\beamer@animationtempa=\count266
\beamer@animationtempb=\count267
\beamer@xpos=\count268
\beamer@ypos=\count269
\beamer@ypos@offset=\count270
\beamer@showpartnumber=\count271
\beamer@currentsubsection=\count272
\beamer@coveringdepth=\count273
\beamer@sectionadjust=\count274
\beamer@toclastsection=\count275
\beamer@tocsectionnumber=\count276

(/usr/local/texlive/2023/texmf-dist/tex/latex/beamer/beamerbaseoptions.sty
(/usr/local/texlive/2023/texmf-dist/tex/latex/graphics/keyval.sty
Package: keyval 2022/05/29 v1.15 key=value parser (DPC)
\KV@toks@=\toks16
))
\beamer@paperwidth=\skip49
\beamer@paperheight=\skip50

(/usr/local/texlive/2023/texmf-dist/tex/latex/geometry/geometry.sty
Package: geometry 2020/01/02 v5.9 Page Geometry

(/usr/local/texlive/2023/texmf-dist/tex/generic/iftex/ifvtex.sty
Package: ifvtex 2019/10/25 v1.7 ifvtex legacy package. Use iftex instead.
)
\Gm@cnth=\count277
\Gm@cntv=\count278
\c@Gm@tempcnt=\count279
\Gm@bindingoffset=\dimen156
\Gm@wd@mp=\dimen157
\Gm@odd@mp=\dimen158
\Gm@even@mp=\dimen159
\Gm@layoutwidth=\dimen160
\Gm@layoutheight=\dimen161
\Gm@layouthoffset=\dimen162
\Gm@layoutvoffset=\dimen163
\Gm@dimlist=\toks17
)
(/usr/local/texlive/2023/texmf-dist/tex/latex/pgf/math/pgfmath.sty
(/usr/local/texlive/2023/texmf-dist/tex/latex/pgf/utilities/pgfrcs.sty
(/usr/local/texlive/2023/texmf-dist/tex/generic/pgf/utilities/pgfutil-common.te
x
\pgfutil@everybye=\toks18
\pgfutil@tempdima=\dimen164
\pgfutil@tempdimb=\dimen165
)
(/usr/local/texlive/2023/texmf-dist/tex/generic/pgf/utilities/pgfutil-latex.def
\pgfutil@abb=\box60
) (/usr/local/texlive/2023/texmf-dist/tex/generic/pgf/utilities/pgfrcs.code.tex
(/usr/local/texlive/2023/texmf-dist/tex/generic/pgf/pgf.revision.tex)
Package: pgfrcs 2023-01-15 v3.1.10 (3.1.10)
))
(/usr/local/texlive/2023/texmf-dist/tex/latex/pgf/utilities/pgfkeys.sty
(/usr/local/texlive/2023/texmf-dist/tex/generic/pgf/utilities/pgfkeys.code.tex
\pgfkeys@pathtoks=\toks19
\pgfkeys@temptoks=\toks20

(/usr/local/texlive/2023/texmf-dist/tex/generic/pgf/utilities/pgfkeyslibraryfil
tered.code.tex
\pgfkeys@tmptoks=\toks21
)))
(/usr/local/texlive/2023/texmf-dist/tex/generic/pgf/math/pgfmath.code.tex
(/usr/local/texlive/2023/texmf-dist/tex/generic/pgf/math/pgfmathutil.code.tex
\pgf@x=\dimen166
\pgf@xa=\dimen167
\pgf@xb=\dimen168
\pgf@xc=\dimen169
\pgf@y=\dimen170
\pgf@ya=\dimen171
\pgf@yb=\dimen172
\pgf@yc=\dimen173
\c@pgf@counta=\count280
\c@pgf@countb=\count281
\c@pgf@countc=\count282
\c@pgf@countd=\count283
)
(/usr/local/texlive/2023/texmf-dist/tex/generic/pgf/math/pgfmathparser.code.tex
\pgfmath@dimen=\dimen174
\pgfmath@count=\count284
\pgfmath@box=\box61
\pgfmath@toks=\toks22
\pgfmath@stack@operand=\toks23
\pgfmath@stack@operation=\toks24
)
(/usr/local/texlive/2023/texmf-dist/tex/generic/pgf/math/pgfmathfunctions.code.
tex)
(/usr/local/texlive/2023/texmf-dist/tex/generic/pgf/math/pgfmathfunctions.basic
.code.tex)
(/usr/local/texlive/2023/texmf-dist/tex/generic/pgf/math/pgfmathfunctions.trigo
nometric.code.tex)
(/usr/local/texlive/2023/texmf-dist/tex/generic/pgf/math/pgfmathfunctions.rando
m.code.tex)
(/usr/local/texlive/2023/texmf-dist/tex/generic/pgf/math/pgfmathfunctions.compa
rison.code.tex)
(/usr/local/texlive/2023/texmf-dist/tex/generic/pgf/math/pgfmathfunctions.base.
code.tex)
(/usr/local/texlive/2023/texmf-dist/tex/generic/pgf/math/pgfmathfunctions.round
.code.tex)
(/usr/local/texlive/2023/texmf-dist/tex/generic/pgf/math/pgfmathfunctions.misc.
code.tex)
(/usr/local/texlive/2023/texmf-dist/tex/generic/pgf/math/pgfmathfunctions.integ
erarithmetics.code.tex)
(/usr/local/texlive/2023/texmf-dist/tex/generic/pgf/math/pgfmathcalc.code.tex)
(/usr/local/texlive/2023/texmf-dist/tex/generic/pgf/math/pgfmathfloat.code.tex
\c@pgfmathroundto@lastzeros=\count285
))) (/usr/local/texlive/2023/texmf-dist/tex/latex/base/size11.clo
File: size11.clo 2022/07/02 v1.4n Standard LaTeX file (size option)
)
(/usr/local/texlive/2023/texmf-dist/tex/latex/pgf/basiclayer/pgfcore.sty
(/usr/local/texlive/2023/texmf-dist/tex/latex/graphics/graphicx.sty
Package: graphicx 2021/09/16 v1.2d Enhanced LaTeX Graphics (DPC,SPQR)

(/usr/local/texlive/2023/texmf-dist/tex/latex/graphics/graphics.sty
Package: graphics 2022/03/10 v1.4e Standard LaTeX Graphics (DPC,SPQR)

(/usr/local/texlive/2023/texmf-dist/tex/latex/graphics/trig.sty
Package: trig 2021/08/11 v1.11 sin cos tan (DPC)
)
(/usr/local/texlive/2023/texmf-dist/tex/latex/graphics-cfg/graphics.cfg
File: graphics.cfg 2016/06/04 v1.11 sample graphics configuration
)
Package graphics Info: Driver file: pdftex.def on input line 107.

(/usr/local/texlive/2023/texmf-dist/tex/latex/graphics-def/pdftex.def
File: pdftex.def 2022/09/22 v1.2b Graphics/color driver for pdftex
))
\Gin@req@height=\dimen175
\Gin@req@width=\dimen176
)
(/usr/local/texlive/2023/texmf-dist/tex/latex/pgf/systemlayer/pgfsys.sty
(/usr/local/texlive/2023/texmf-dist/tex/generic/pgf/systemlayer/pgfsys.code.tex
Package: pgfsys 2023-01-15 v3.1.10 (3.1.10)
\pgf@x=\dimen177
\pgf@y=\dimen178
\pgf@xa=\dimen179
\pgf@ya=\dimen180
\pgf@xb=\dimen181
\pgf@yb=\dimen182
\pgf@xc=\dimen183
\pgf@yc=\dimen184
\pgf@xd=\dimen185
\pgf@yd=\dimen186
\w@pgf@writea=\write3
\r@pgf@reada=\read2
\c@pgf@counta=\count286
\c@pgf@countb=\count287
\c@pgf@countc=\count288
\c@pgf@countd=\count289
\t@pgf@toka=\toks25
\t@pgf@tokb=\toks26
\t@pgf@tokc=\toks27
\pgf@sys@id@count=\count290
(/usr/local/texlive/2023/texmf-dist/tex/generic/pgf/systemlayer/pgf.cfg
File: pgf.cfg 2023-01-15 v3.1.10 (3.1.10)
)
Driver file for pgf: pgfsys-pdftex.def

(/usr/local/texlive/2023/texmf-dist/tex/generic/pgf/systemlayer/pgfsys-pdftex.d
ef
File: pgfsys-pdftex.def 2023-01-15 v3.1.10 (3.1.10)

(/usr/local/texlive/2023/texmf-dist/tex/generic/pgf/systemlayer/pgfsys-common-p
df.def
File: pgfsys-common-pdf.def 2023-01-15 v3.1.10 (3.1.10)
)))
(/usr/local/texlive/2023/texmf-dist/tex/generic/pgf/systemlayer/pgfsyssoftpath.
code.tex
File: pgfsyssoftpath.code.tex 2023-01-15 v3.1.10 (3.1.10)
\pgfsyssoftpath@smallbuffer@items=\count291
\pgfsyssoftpath@bigbuffer@items=\count292
)
(/usr/local/texlive/2023/texmf-dist/tex/generic/pgf/systemlayer/pgfsysprotocol.
code.tex
File: pgfsysprotocol.code.tex 2023-01-15 v3.1.10 (3.1.10)
)) (/usr/local/texlive/2023/texmf-dist/tex/latex/xcolor/xcolor.sty
Package: xcolor 2022/06/12 v2.14 LaTeX color extensions (UK)

(/usr/local/texlive/2023/texmf-dist/tex/latex/graphics-cfg/color.cfg
File: color.cfg 2016/01/02 v1.6 sample color configuration
)
Package xcolor Info: Driver file: pdftex.def on input line 227.

(/usr/local/texlive/2023/texmf-dist/tex/latex/graphics/mathcolor.ltx)
Package xcolor Info: Model `cmy' substituted by `cmy0' on input line 1353.
Package xcolor Info: Model `hsb' substituted by `rgb' on input line 1357.
Package xcolor Info: Model `RGB' extended on input line 1369.
Package xcolor Info: Model `HTML' substituted by `rgb' on input line 1371.
Package xcolor Info: Model `Hsb' substituted by `hsb' on input line 1372.
Package xcolor Info: Model `tHsb' substituted by `hsb' on input line 1373.
Package xcolor Info: Model `HSB' substituted by `hsb' on input line 1374.
Package xcolor Info: Model `Gray' substituted by `gray' on input line 1375.
Package xcolor Info: Model `wave' substituted by `hsb' on input line 1376.
)
(/usr/local/texlive/2023/texmf-dist/tex/generic/pgf/basiclayer/pgfcore.code.tex
Package: pgfcore 2023-01-15 v3.1.10 (3.1.10)
(/usr/local/texlive/2023/texmf-dist/tex/generic/pgf/math/pgfint.code.tex)
(/usr/local/texlive/2023/texmf-dist/tex/generic/pgf/basiclayer/pgfcorepoints.co
de.tex
File: pgfcorepoints.code.tex 2023-01-15 v3.1.10 (3.1.10)
\pgf@picminx=\dimen187
\pgf@picmaxx=\dimen188
\pgf@picminy=\dimen189
\pgf@picmaxy=\dimen190
\pgf@pathminx=\dimen191
\pgf@pathmaxx=\dimen192
\pgf@pathminy=\dimen193
\pgf@pathmaxy=\dimen194
\pgf@xx=\dimen195
\pgf@xy=\dimen196
\pgf@yx=\dimen197
\pgf@yy=\dimen198
\pgf@zx=\dimen199
\pgf@zy=\dimen256
)
(/usr/local/texlive/2023/texmf-dist/tex/generic/pgf/basiclayer/pgfcorepathconst
ruct.code.tex
File: pgfcorepathconstruct.code.tex 2023-01-15 v3.1.10 (3.1.10)
\pgf@path@lastx=\dimen257
\pgf@path@lasty=\dimen258
)
(/usr/local/texlive/2023/texmf-dist/tex/generic/pgf/basiclayer/pgfcorepathusage
.code.tex
File: pgfcorepathusage.code.tex 2023-01-15 v3.1.10 (3.1.10)
\pgf@shorten@end@additional=\dimen259
\pgf@shorten@start@additional=\dimen260
)
(/usr/local/texlive/2023/texmf-dist/tex/generic/pgf/basiclayer/pgfcorescopes.co
de.tex
File: pgfcorescopes.code.tex 2023-01-15 v3.1.10 (3.1.10)
\pgfpic=\box62
\pgf@hbox=\box63
\pgf@layerbox@main=\box64
\pgf@picture@serial@count=\count293
)
(/usr/local/texlive/2023/texmf-dist/tex/generic/pgf/basiclayer/pgfcoregraphicst
ate.code.tex
File: pgfcoregraphicstate.code.tex 2023-01-15 v3.1.10 (3.1.10)
\pgflinewidth=\dimen261
)
(/usr/local/texlive/2023/texmf-dist/tex/generic/pgf/basiclayer/pgfcoretransform
ations.code.tex
File: pgfcoretransformations.code.tex 2023-01-15 v3.1.10 (3.1.10)
\pgf@pt@x=\dimen262
\pgf@pt@y=\dimen263
\pgf@pt@temp=\dimen264
)
(/usr/local/texlive/2023/texmf-dist/tex/generic/pgf/basiclayer/pgfcorequick.cod
e.tex
File: pgfcorequick.code.tex 2023-01-15 v3.1.10 (3.1.10)
)
(/usr/local/texlive/2023/texmf-dist/tex/generic/pgf/basiclayer/pgfcoreobjects.c
ode.tex
File: pgfcoreobjects.code.tex 2023-01-15 v3.1.10 (3.1.10)
)
(/usr/local/texlive/2023/texmf-dist/tex/generic/pgf/basiclayer/pgfcorepathproce
ssing.code.tex
File: pgfcorepathprocessing.code.tex 2023-01-15 v3.1.10 (3.1.10)
)
(/usr/local/texlive/2023/texmf-dist/tex/generic/pgf/basiclayer/pgfcorearrows.co
de.tex
File: pgfcorearrows.code.tex 2023-01-15 v3.1.10 (3.1.10)
\pgfarrowsep=\dimen265
)
(/usr/local/texlive/2023/texmf-dist/tex/generic/pgf/basiclayer/pgfcoreshade.cod
e.tex
File: pgfcoreshade.code.tex 2023-01-15 v3.1.10 (3.1.10)
\pgf@max=\dimen266
\pgf@sys@shading@range@num=\count294
\pgf@shadingcount=\count295
)
(/usr/local/texlive/2023/texmf-dist/tex/generic/pgf/basiclayer/pgfcoreimage.cod
e.tex
File: pgfcoreimage.code.tex 2023-01-15 v3.1.10 (3.1.10)
)
(/usr/local/texlive/2023/texmf-dist/tex/generic/pgf/basiclayer/pgfcoreexternal.
code.tex
File: pgfcoreexternal.code.tex 2023-01-15 v3.1.10 (3.1.10)
\pgfexternal@startupbox=\box65
)
(/usr/local/texlive/2023/texmf-dist/tex/generic/pgf/basiclayer/pgfcorelayers.co
de.tex
File: pgfcorelayers.code.tex 2023-01-15 v3.1.10 (3.1.10)
)
(/usr/local/texlive/2023/texmf-dist/tex/generic/pgf/basiclayer/pgfcoretranspare
ncy.code.tex
File: pgfcoretransparency.code.tex 2023-01-15 v3.1.10 (3.1.10)
)
(/usr/local/texlive/2023/texmf-dist/tex/generic/pgf/basiclayer/pgfcorepatterns.
code.tex
File: pgfcorepatterns.code.tex 2023-01-15 v3.1.10 (3.1.10)
)
(/usr/local/texlive/2023/texmf-dist/tex/generic/pgf/basiclayer/pgfcorerdf.code.
tex
File: pgfcorerdf.code.tex 2023-01-15 v3.1.10 (3.1.10)
))) (/usr/local/texlive/2023/texmf-dist/tex/latex/pgf/utilities/xxcolor.sty
Package: xxcolor 2003/10/24 ver 0.1
\XC@nummixins=\count296
\XC@countmixins=\count297
) (/usr/local/texlive/2023/texmf-dist/tex/latex/base/atbegshi-ltx.sty
Package: atbegshi-ltx 2021/01/10 v1.0c Emulation of the original atbegshi
package with kernel methods
)
(/usr/local/texlive/2023/texmf-dist/tex/latex/hyperref/hyperref.sty
Package: hyperref 2023-02-07 v7.00v Hypertext links for LaTeX

(/usr/local/texlive/2023/texmf-dist/tex/generic/ltxcmds/ltxcmds.sty
Package: ltxcmds 2020-05-10 v1.25 LaTeX kernel commands for general use (HO)
)
(/usr/local/texlive/2023/texmf-dist/tex/generic/pdftexcmds/pdftexcmds.sty
Package: pdftexcmds 2020-06-27 v0.33 Utility functions of pdfTeX for LuaTeX (HO
)

(/usr/local/texlive/2023/texmf-dist/tex/generic/infwarerr/infwarerr.sty
Package: infwarerr 2019/12/03 v1.5 Providing info/warning/error messages (HO)
)
Package pdftexcmds Info: \pdf@primitive is available.
Package pdftexcmds Info: \pdf@ifprimitive is available.
Package pdftexcmds Info: \pdfdraftmode found.
)
(/usr/local/texlive/2023/texmf-dist/tex/latex/kvsetkeys/kvsetkeys.sty
Package: kvsetkeys 2022-10-05 v1.19 Key value parser (HO)
)
(/usr/local/texlive/2023/texmf-dist/tex/generic/kvdefinekeys/kvdefinekeys.sty
Package: kvdefinekeys 2019-12-19 v1.6 Define keys (HO)
)
(/usr/local/texlive/2023/texmf-dist/tex/generic/pdfescape/pdfescape.sty
Package: pdfescape 2019/12/09 v1.15 Implements pdfTeX's escape features (HO)
)
(/usr/local/texlive/2023/texmf-dist/tex/latex/hycolor/hycolor.sty
Package: hycolor 2020-01-27 v1.10 Color options for hyperref/bookmark (HO)
)
(/usr/local/texlive/2023/texmf-dist/tex/latex/letltxmacro/letltxmacro.sty
Package: letltxmacro 2019/12/03 v1.6 Let assignment for LaTeX macros (HO)
)
(/usr/local/texlive/2023/texmf-dist/tex/latex/auxhook/auxhook.sty
Package: auxhook 2019-12-17 v1.6 Hooks for auxiliary files (HO)
)
(/usr/local/texlive/2023/texmf-dist/tex/latex/hyperref/nameref.sty
Package: nameref 2022-05-17 v2.50 Cross-referencing by name of section

(/usr/local/texlive/2023/texmf-dist/tex/latex/refcount/refcount.sty
Package: refcount 2019/12/15 v3.6 Data extraction from label references (HO)
)
(/usr/local/texlive/2023/texmf-dist/tex/generic/gettitlestring/gettitlestring.s
ty
Package: gettitlestring 2019/12/15 v1.6 Cleanup title references (HO)
 (/usr/local/texlive/2023/texmf-dist/tex/latex/kvoptions/kvoptions.sty
Package: kvoptions 2022-06-15 v3.15 Key value format for package options (HO)
))
\c@section@level=\count298
)
\@linkdim=\dimen267
\Hy@linkcounter=\count299
\Hy@pagecounter=\count300

(/usr/local/texlive/2023/texmf-dist/tex/latex/hyperref/pd1enc.def
File: pd1enc.def 2023-02-07 v7.00v Hyperref: PDFDocEncoding definition (HO)
Now handling font encoding PD1 ...
... no UTF-8 mapping file for font encoding PD1
)
(/usr/local/texlive/2023/texmf-dist/tex/generic/intcalc/intcalc.sty
Package: intcalc 2019/12/15 v1.3 Expandable calculations with integers (HO)
)
(/usr/local/texlive/2023/texmf-dist/tex/generic/etexcmds/etexcmds.sty
Package: etexcmds 2019/12/15 v1.7 Avoid name clashes with e-TeX commands (HO)
)
\Hy@SavedSpaceFactor=\count301

(/usr/local/texlive/2023/texmf-dist/tex/latex/hyperref/puenc.def
File: puenc.def 2023-02-07 v7.00v Hyperref: PDF Unicode definition (HO)
Now handling font encoding PU ...
... no UTF-8 mapping file for font encoding PU
)
Package hyperref Info: Option `bookmarks' set `true' on input line 4060.
Package hyperref Info: Option `bookmarksopen' set `true' on input line 4060.
Package hyperref Info: Option `implicit' set `false' on input line 4060.
Package hyperref Info: Hyper figures OFF on input line 4177.
Package hyperref Info: Link nesting OFF on input line 4182.
Package hyperref Info: Hyper index ON on input line 4185.
Package hyperref Info: Plain pages OFF on input line 4192.
Package hyperref Info: Backreferencing OFF on input line 4197.
Package hyperref Info: Implicit mode OFF; no redefinition of LaTeX internals.
Package hyperref Info: Bookmarks ON on input line 4425.
\c@Hy@tempcnt=\count302

(/usr/local/texlive/2023/texmf-dist/tex/latex/url/url.sty
\Urlmuskip=\muskip16
Package: url 2013/09/16  ver 3.4  Verb mode for urls, etc.
)
LaTeX Info: Redefining \url on input line 4763.
\XeTeXLinkMargin=\dimen268

(/usr/local/texlive/2023/texmf-dist/tex/generic/bitset/bitset.sty
Package: bitset 2019/12/09 v1.3 Handle bit-vector datatype (HO)

(/usr/local/texlive/2023/texmf-dist/tex/generic/bigintcalc/bigintcalc.sty
Package: bigintcalc 2019/12/15 v1.5 Expandable calculations on big integers (HO
)
))
\Fld@menulength=\count303
\Field@Width=\dimen269
\Fld@charsize=\dimen270
Package hyperref Info: Hyper figures OFF on input line 6042.
Package hyperref Info: Link nesting OFF on input line 6047.
Package hyperref Info: Hyper index ON on input line 6050.
Package hyperref Info: backreferencing OFF on input line 6057.
Package hyperref Info: Link coloring OFF on input line 6062.
Package hyperref Info: Link coloring with OCG OFF on input line 6067.
Package hyperref Info: PDF/A mode OFF on input line 6072.
\Hy@abspage=\count304


Package hyperref Message: Stopped early.

)
Package hyperref Info: Driver (autodetected): hpdftex.
 (/usr/local/texlive/2023/texmf-dist/tex/latex/hyperref/hpdftex.def
File: hpdftex.def 2023-02-07 v7.00v Hyperref driver for pdfTeX

(/usr/local/texlive/2023/texmf-dist/tex/latex/base/atveryend-ltx.sty
Package: atveryend-ltx 2020/08/19 v1.0a Emulation of the original atveryend pac
kage
with kernel methods
)
\Fld@listcount=\count305
\c@bookmark@seq@number=\count306

(/usr/local/texlive/2023/texmf-dist/tex/latex/rerunfilecheck/rerunfilecheck.sty
Package: rerunfilecheck 2022-07-10 v1.10 Rerun checks for auxiliary files (HO)

(/usr/local/texlive/2023/texmf-dist/tex/generic/uniquecounter/uniquecounter.sty
Package: uniquecounter 2019/12/15 v1.4 Provide unlimited unique counter (HO)
)
Package uniquecounter Info: New unique counter `rerunfilecheck' on input line 2
85.
)) (/usr/local/texlive/2023/texmf-dist/tex/latex/beamer/beamerbaserequires.sty
(/usr/local/texlive/2023/texmf-dist/tex/latex/beamer/beamerbasecompatibility.st
y) (/usr/local/texlive/2023/texmf-dist/tex/latex/beamer/beamerbasefont.sty
(/usr/local/texlive/2023/texmf-dist/tex/latex/amsfonts/amssymb.sty
Package: amssymb 2013/01/14 v3.01 AMS font symbols

(/usr/local/texlive/2023/texmf-dist/tex/latex/amsfonts/amsfonts.sty
Package: amsfonts 2013/01/14 v3.01 Basic AMSFonts support
\@emptytoks=\toks28
\symAMSa=\mathgroup4
\symAMSb=\mathgroup5
LaTeX Font Info:    Redeclaring math symbol \hbar on input line 98.
LaTeX Font Info:    Overwriting math alphabet `\mathfrak' in version `bold'
(Font)                  U/euf/m/n --> U/euf/b/n on input line 106.
))
(/usr/local/texlive/2023/texmf-dist/tex/latex/sansmathaccent/sansmathaccent.sty
Package: sansmathaccent 2020/01/31
(/usr/local/texlive/2023/texmf-dist/tex/latex/koma-script/scrlfile.sty
Package: scrlfile 2022/10/12 v3.38 KOMA-Script package (file load hooks)

(/usr/local/texlive/2023/texmf-dist/tex/latex/koma-script/scrlfile-hook.sty
Package: scrlfile-hook 2022/10/12 v3.38 KOMA-Script package (using LaTeX hooks)


(/usr/local/texlive/2023/texmf-dist/tex/latex/koma-script/scrlogo.sty
Package: scrlogo 2022/10/12 v3.38 KOMA-Script package (logo)
)))))
(/usr/local/texlive/2023/texmf-dist/tex/latex/beamer/beamerbasetranslator.sty
(/usr/local/texlive/2023/texmf-dist/tex/latex/translator/translator.sty
Package: translator 2021-05-31 v1.12d Easy translation of strings in LaTeX
))
(/usr/local/texlive/2023/texmf-dist/tex/latex/beamer/beamerbasemisc.sty)
(/usr/local/texlive/2023/texmf-dist/tex/latex/beamer/beamerbasetwoscreens.sty)
(/usr/local/texlive/2023/texmf-dist/tex/latex/beamer/beamerbaseoverlay.sty
\beamer@argscount=\count307
\beamer@lastskipcover=\skip51
\beamer@trivlistdepth=\count308
)
(/usr/local/texlive/2023/texmf-dist/tex/latex/beamer/beamerbasetitle.sty)
(/usr/local/texlive/2023/texmf-dist/tex/latex/beamer/beamerbasesection.sty
\c@lecture=\count309
\c@part=\count310
\c@section=\count311
\c@subsection=\count312
\c@subsubsection=\count313
)
(/usr/local/texlive/2023/texmf-dist/tex/latex/beamer/beamerbaseframe.sty
\beamer@framebox=\box66
\beamer@frametitlebox=\box67
\beamer@zoombox=\box68
\beamer@zoomcount=\count314
\beamer@zoomframecount=\count315
\beamer@frametextheight=\dimen271
\c@subsectionslide=\count316
\beamer@frametopskip=\skip52
\beamer@framebottomskip=\skip53
\beamer@frametopskipautobreak=\skip54
\beamer@framebottomskipautobreak=\skip55
\beamer@envbody=\toks29
\framewidth=\dimen272
\c@framenumber=\count317
)
(/usr/local/texlive/2023/texmf-dist/tex/latex/beamer/beamerbaseverbatim.sty
\beamer@verbatimfileout=\write4
)
(/usr/local/texlive/2023/texmf-dist/tex/latex/beamer/beamerbaseframesize.sty
\beamer@splitbox=\box69
\beamer@autobreakcount=\count318
\beamer@autobreaklastheight=\dimen273
\beamer@frametitletoks=\toks30
\beamer@framesubtitletoks=\toks31
)
(/usr/local/texlive/2023/texmf-dist/tex/latex/beamer/beamerbaseframecomponents.
sty
\beamer@footins=\box70
) (/usr/local/texlive/2023/texmf-dist/tex/latex/beamer/beamerbasecolor.sty)
(/usr/local/texlive/2023/texmf-dist/tex/latex/beamer/beamerbasenotes.sty
\beamer@frameboxcopy=\box71
)
(/usr/local/texlive/2023/texmf-dist/tex/latex/beamer/beamerbasetoc.sty)
(/usr/local/texlive/2023/texmf-dist/tex/latex/beamer/beamerbasetemplates.sty
\beamer@sbttoks=\toks32

(/usr/local/texlive/2023/texmf-dist/tex/latex/beamer/beamerbaseauxtemplates.sty
(/usr/local/texlive/2023/texmf-dist/tex/latex/beamer/beamerbaseboxes.sty
\bmb@box=\box72
\bmb@colorbox=\box73
\bmb@boxwidth=\dimen274
\bmb@boxheight=\dimen275
\bmb@prevheight=\dimen276
\bmb@temp=\dimen277
\bmb@dima=\dimen278
\bmb@dimb=\dimen279
\bmb@prevheight=\dimen280
)
\beamer@blockheadheight=\dimen281
))
(/usr/local/texlive/2023/texmf-dist/tex/latex/beamer/beamerbaselocalstructure.s
ty (/usr/local/texlive/2023/texmf-dist/tex/latex/tools/enumerate.sty
Package: enumerate 2015/07/23 v3.00 enumerate extensions (DPC)
\@enLab=\toks33
)
\beamer@bibiconwidth=\skip56
\c@figure=\count319
\c@table=\count320
\abovecaptionskip=\skip57
\belowcaptionskip=\skip58
)
(/usr/local/texlive/2023/texmf-dist/tex/latex/beamer/beamerbasenavigation.sty
(/usr/local/texlive/2023/texmf-dist/tex/latex/beamer/beamerbasenavigationsymbol
s.tex)
\beamer@section@min@dim=\dimen282
)
(/usr/local/texlive/2023/texmf-dist/tex/latex/beamer/beamerbasetheorems.sty
(/usr/local/texlive/2023/texmf-dist/tex/latex/amsmath/amsmath.sty
Package: amsmath 2022/04/08 v2.17n AMS math features
\@mathmargin=\skip59

For additional information on amsmath, use the `?' option.
(/usr/local/texlive/2023/texmf-dist/tex/latex/amsmath/amstext.sty
Package: amstext 2021/08/26 v2.01 AMS text

(/usr/local/texlive/2023/texmf-dist/tex/latex/amsmath/amsgen.sty
File: amsgen.sty 1999/11/30 v2.0 generic functions
\@emptytoks=\toks34
\ex@=\dimen283
))
(/usr/local/texlive/2023/texmf-dist/tex/latex/amsmath/amsbsy.sty
Package: amsbsy 1999/11/29 v1.2d Bold Symbols
\pmbraise@=\dimen284
)
(/usr/local/texlive/2023/texmf-dist/tex/latex/amsmath/amsopn.sty
Package: amsopn 2022/04/08 v2.04 operator names
)
\inf@bad=\count321
LaTeX Info: Redefining \frac on input line 234.
\uproot@=\count322
\leftroot@=\count323
LaTeX Info: Redefining \overline on input line 399.
LaTeX Info: Redefining \colon on input line 410.
\classnum@=\count324
\DOTSCASE@=\count325
LaTeX Info: Redefining \ldots on input line 496.
LaTeX Info: Redefining \dots on input line 499.
LaTeX Info: Redefining \cdots on input line 620.
\Mathstrutbox@=\box74
\strutbox@=\box75
LaTeX Info: Redefining \big on input line 722.
LaTeX Info: Redefining \Big on input line 723.
LaTeX Info: Redefining \bigg on input line 724.
LaTeX Info: Redefining \Bigg on input line 725.
\big@size=\dimen285
LaTeX Font Info:    Redeclaring font encoding OML on input line 743.
LaTeX Font Info:    Redeclaring font encoding OMS on input line 744.
\macc@depth=\count326
LaTeX Info: Redefining \bmod on input line 905.
LaTeX Info: Redefining \pmod on input line 910.
LaTeX Info: Redefining \smash on input line 940.
LaTeX Info: Redefining \relbar on input line 970.
LaTeX Info: Redefining \Relbar on input line 971.
\c@MaxMatrixCols=\count327
\dotsspace@=\muskip17
\c@parentequation=\count328
\dspbrk@lvl=\count329
\tag@help=\toks35
\row@=\count330
\column@=\count331
\maxfields@=\count332
\andhelp@=\toks36
\eqnshift@=\dimen286
\alignsep@=\dimen287
\tagshift@=\dimen288
\tagwidth@=\dimen289
\totwidth@=\dimen290
\lineht@=\dimen291
\@envbody=\toks37
\multlinegap=\skip60
\multlinetaggap=\skip61
\mathdisplay@stack=\toks38
LaTeX Info: Redefining \[ on input line 2953.
LaTeX Info: Redefining \] on input line 2954.
)
(/usr/local/texlive/2023/texmf-dist/tex/latex/amscls/amsthm.sty
Package: amsthm 2020/05/29 v2.20.6
\thm@style=\toks39
\thm@bodyfont=\toks40
\thm@headfont=\toks41
\thm@notefont=\toks42
\thm@headpunct=\toks43
\thm@preskip=\skip62
\thm@postskip=\skip63
\thm@headsep=\skip64
\dth@everypar=\toks44
)
\c@theorem=\count333
)
(/usr/local/texlive/2023/texmf-dist/tex/latex/beamer/beamerbasethemes.sty))
(/usr/local/texlive/2023/texmf-dist/tex/latex/beamer/beamerthemedefault.sty
(/usr/local/texlive/2023/texmf-dist/tex/latex/beamer/beamerfontthemedefault.sty
)
(/usr/local/texlive/2023/texmf-dist/tex/latex/beamer/beamercolorthemedefault.st
y)
(/usr/local/texlive/2023/texmf-dist/tex/latex/beamer/beamerinnerthemedefault.st
y
\beamer@dima=\dimen292
\beamer@dimb=\dimen293
)
(/usr/local/texlive/2023/texmf-dist/tex/latex/beamer/beamerouterthemedefault.st
y))) (/usr/local/texlive/2023/texmf-dist/tex/latex/pgf/frontendlayer/tikz.sty
(/usr/local/texlive/2023/texmf-dist/tex/latex/pgf/basiclayer/pgf.sty
Package: pgf 2023-01-15 v3.1.10 (3.1.10)

(/usr/local/texlive/2023/texmf-dist/tex/generic/pgf/modules/pgfmoduleshapes.cod
e.tex
File: pgfmoduleshapes.code.tex 2023-01-15 v3.1.10 (3.1.10)
\pgfnodeparttextbox=\box76
)
(/usr/local/texlive/2023/texmf-dist/tex/generic/pgf/modules/pgfmoduleplot.code.
tex
File: pgfmoduleplot.code.tex 2023-01-15 v3.1.10 (3.1.10)
)
(/usr/local/texlive/2023/texmf-dist/tex/latex/pgf/compatibility/pgfcomp-version
-0-65.sty
Package: pgfcomp-version-0-65 2023-01-15 v3.1.10 (3.1.10)
\pgf@nodesepstart=\dimen294
\pgf@nodesepend=\dimen295
)
(/usr/local/texlive/2023/texmf-dist/tex/latex/pgf/compatibility/pgfcomp-version
-1-18.sty
Package: pgfcomp-version-1-18 2023-01-15 v3.1.10 (3.1.10)
))
(/usr/local/texlive/2023/texmf-dist/tex/latex/pgf/utilities/pgffor.sty
(/usr/local/texlive/2023/texmf-dist/tex/generic/pgf/utilities/pgffor.code.tex
Package: pgffor 2023-01-15 v3.1.10 (3.1.10)
\pgffor@iter=\dimen296
\pgffor@skip=\dimen297
\pgffor@stack=\toks45
\pgffor@toks=\toks46
))
(/usr/local/texlive/2023/texmf-dist/tex/generic/pgf/frontendlayer/tikz/tikz.cod
e.tex
Package: tikz 2023-01-15 v3.1.10 (3.1.10)

(/usr/local/texlive/2023/texmf-dist/tex/generic/pgf/libraries/pgflibraryplothan
dlers.code.tex
File: pgflibraryplothandlers.code.tex 2023-01-15 v3.1.10 (3.1.10)
\pgf@plot@mark@count=\count334
\pgfplotmarksize=\dimen298
)
\tikz@lastx=\dimen299
\tikz@lasty=\dimen300
\tikz@lastxsaved=\dimen301
\tikz@lastysaved=\dimen302
\tikz@lastmovetox=\dimen303
\tikz@lastmovetoy=\dimen304
\tikzleveldistance=\dimen305
\tikzsiblingdistance=\dimen306
\tikz@figbox=\box77
\tikz@figbox@bg=\box78
\tikz@tempbox=\box79
\tikz@tempbox@bg=\box80
\tikztreelevel=\count335
\tikznumberofchildren=\count336
\tikznumberofcurrentchild=\count337
\tikz@fig@count=\count338

(/usr/local/texlive/2023/texmf-dist/tex/generic/pgf/modules/pgfmodulematrix.cod
e.tex
File: pgfmodulematrix.code.tex 2023-01-15 v3.1.10 (3.1.10)
\pgfmatrixcurrentrow=\count339
\pgfmatrixcurrentcolumn=\count340
\pgf@matrix@numberofcolumns=\count341
)
\tikz@expandcount=\count342

(/usr/local/texlive/2023/texmf-dist/tex/generic/pgf/frontendlayer/tikz/librarie
s/tikzlibrarytopaths.code.tex
File: tikzlibrarytopaths.code.tex 2023-01-15 v3.1.10 (3.1.10)
)))
(/usr/local/texlive/2023/texmf-dist/tex/generic/pgf/frontendlayer/tikz/librarie
s/tikzlibraryarrows.code.tex
File: tikzlibraryarrows.code.tex 2023-01-15 v3.1.10 (3.1.10)

(/usr/local/texlive/2023/texmf-dist/tex/generic/pgf/libraries/pgflibraryarrows.
code.tex
File: pgflibraryarrows.code.tex 2023-01-15 v3.1.10 (3.1.10)
\arrowsize=\dimen307
))
(/usr/local/texlive/2023/texmf-dist/tex/generic/pgf/frontendlayer/tikz/librarie
s/tikzlibraryshapes.arrows.code.tex
File: tikzlibraryshapes.arrows.code.tex 2023-01-15 v3.1.10 (3.1.10)

(/usr/local/texlive/2023/texmf-dist/tex/generic/pgf/libraries/shapes/pgflibrary
shapes.arrows.code.tex
File: pgflibraryshapes.arrows.code.tex 2023-01-15 v3.1.10 (3.1.10)
))
(/usr/local/texlive/2023/texmf-dist/tex/generic/pgf/frontendlayer/tikz/librarie
s/tikzlibrarypositioning.code.tex
File: tikzlibrarypositioning.code.tex 2023-01-15 v3.1.10 (3.1.10)
)
(/usr/local/texlive/2023/texmf-dist/tex/generic/pgf/frontendlayer/tikz/librarie
s/tikzlibraryshapes.code.tex
File: tikzlibraryshapes.code.tex 2023-01-15 v3.1.10 (3.1.10)

(/usr/local/texlive/2023/texmf-dist/tex/generic/pgf/frontendlayer/tikz/librarie
s/tikzlibraryshapes.geometric.code.tex
File: tikzlibraryshapes.geometric.code.tex 2023-01-15 v3.1.10 (3.1.10)

(/usr/local/texlive/2023/texmf-dist/tex/generic/pgf/libraries/shapes/pgflibrary
shapes.geometric.code.tex
File: pgflibraryshapes.geometric.code.tex 2023-01-15 v3.1.10 (3.1.10)
))
(/usr/local/texlive/2023/texmf-dist/tex/generic/pgf/frontendlayer/tikz/librarie
s/tikzlibraryshapes.misc.code.tex
File: tikzlibraryshapes.misc.code.tex 2023-01-15 v3.1.10 (3.1.10)

(/usr/local/texlive/2023/texmf-dist/tex/generic/pgf/libraries/shapes/pgflibrary
shapes.misc.code.tex
File: pgflibraryshapes.misc.code.tex 2023-01-15 v3.1.10 (3.1.10)
))
(/usr/local/texlive/2023/texmf-dist/tex/generic/pgf/frontendlayer/tikz/librarie
s/tikzlibraryshapes.symbols.code.tex
File: tikzlibraryshapes.symbols.code.tex 2023-01-15 v3.1.10 (3.1.10)

(/usr/local/texlive/2023/texmf-dist/tex/generic/pgf/libraries/shapes/pgflibrary
shapes.symbols.code.tex
File: pgflibraryshapes.symbols.code.tex 2023-01-15 v3.1.10 (3.1.10)
))
(/usr/local/texlive/2023/texmf-dist/tex/generic/pgf/frontendlayer/tikz/librarie
s/tikzlibraryshapes.callouts.code.tex
(/usr/local/texlive/2023/texmf-dist/tex/generic/pgf/libraries/shapes/pgflibrary
shapes.callouts.code.tex))
(/usr/local/texlive/2023/texmf-dist/tex/generic/pgf/frontendlayer/tikz/librarie
s/tikzlibraryshapes.multipart.code.tex
File: tikzlibraryshapes.multipart.code.tex 2023-01-15 v3.1.10 (3.1.10)

(/usr/local/texlive/2023/texmf-dist/tex/generic/pgf/libraries/shapes/pgflibrary
shapes.multipart.code.tex
File: pgflibraryshapes.multipart.code.tex 2023-01-15 v3.1.10 (3.1.10)
\pgfnodepartlowerbox=\box81
\pgfnodeparttwobox=\box82
\pgfnodepartthreebox=\box83
\pgfnodepartfourbox=\box84
\pgfnodeparttwentybox=\box85
\pgfnodepartnineteenbox=\box86
\pgfnodeparteighteenbox=\box87
\pgfnodepartseventeenbox=\box88
\pgfnodepartsixteenbox=\box89
\pgfnodepartfifteenbox=\box90
\pgfnodepartfourteenbox=\box91
\pgfnodepartthirteenbox=\box92
\pgfnodeparttwelvebox=\box93
\pgfnodepartelevenbox=\box94
\pgfnodeparttenbox=\box95
\pgfnodepartninebox=\box96
\pgfnodeparteightbox=\box97
\pgfnodepartsevenbox=\box98
\pgfnodepartsixbox=\box99
\pgfnodepartfivebox=\box100
)))
(/usr/local/texlive/2023/texmf-dist/tex/latex/l3backend/l3backend-pdftex.def
File: l3backend-pdftex.def 2023-01-16 L3 backend support: PDF output (pdfTeX)
\l__color_backend_stack_int=\count343
\l__pdf_internal_box=\box101
)
(./data_driven_selection.aux)
\openout1 = `data_driven_selection.aux'.

LaTeX Font Info:    Checking defaults for OML/cmm/m/it on input line 45.
LaTeX Font Info:    ... okay on input line 45.
LaTeX Font Info:    Checking defaults for OMS/cmsy/m/n on input line 45.
LaTeX Font Info:    ... okay on input line 45.
LaTeX Font Info:    Checking defaults for OT1/cmr/m/n on input line 45.
LaTeX Font Info:    ... okay on input line 45.
LaTeX Font Info:    Checking defaults for T1/cmr/m/n on input line 45.
LaTeX Font Info:    ... okay on input line 45.
LaTeX Font Info:    Checking defaults for TS1/cmr/m/n on input line 45.
LaTeX Font Info:    ... okay on input line 45.
LaTeX Font Info:    Checking defaults for OMX/cmex/m/n on input line 45.
LaTeX Font Info:    ... okay on input line 45.
LaTeX Font Info:    Checking defaults for U/cmr/m/n on input line 45.
LaTeX Font Info:    ... okay on input line 45.
LaTeX Font Info:    Checking defaults for PD1/pdf/m/n on input line 45.
LaTeX Font Info:    ... okay on input line 45.
LaTeX Font Info:    Checking defaults for PU/pdf/m/n on input line 45.
LaTeX Font Info:    ... okay on input line 45.

*geometry* driver: auto-detecting
*geometry* detected driver: pdftex
*geometry* verbose mode - [ preamble ] result:
* driver: pdftex
* paper: custom
* layout: <same size as paper>
* layoutoffset:(h,v)=(0.0pt,0.0pt)
* modes: includehead includefoot 
* h-part:(L,W,R)=(28.45274pt, 307.28987pt, 28.45274pt)
* v-part:(T,H,B)=(0.0pt, 273.14662pt, 0.0pt)
* \paperwidth=364.19536pt
* \paperheight=273.14662pt
* \textwidth=307.28987pt
* \textheight=244.6939pt
* \oddsidemargin=-43.81725pt
* \evensidemargin=-43.81725pt
* \topmargin=-72.26999pt
* \headheight=14.22636pt
* \headsep=0.0pt
* \topskip=11.0pt
* \footskip=14.22636pt
* \marginparwidth=4.0pt
* \marginparsep=10.0pt
* \columnsep=10.0pt
* \skip\footins=10.0pt plus 4.0pt minus 2.0pt
* \hoffset=0.0pt
* \voffset=0.0pt
* \mag=1000
* \@twocolumnfalse
* \@twosidefalse
* \@mparswitchfalse
* \@reversemarginfalse
* (1in=72.27pt=25.4mm, 1cm=28.453pt)

(/usr/local/texlive/2023/texmf-dist/tex/context/base/mkii/supp-pdf.mkii
[Loading MPS to PDF converter (version 2006.09.02).]
\scratchcounter=\count344
\scratchdimen=\dimen308
\scratchbox=\box102
\nofMPsegments=\count345
\nofMParguments=\count346
\everyMPshowfont=\toks47
\MPscratchCnt=\count347
\MPscratchDim=\dimen309
\MPnumerator=\count348
\makeMPintoPDFobject=\count349
\everyMPtoPDFconversion=\toks48
) (/usr/local/texlive/2023/texmf-dist/tex/latex/epstopdf-pkg/epstopdf-base.sty
Package: epstopdf-base 2020-01-24 v2.11 Base part for package epstopdf
Package epstopdf-base Info: Redefining graphics rule for `.eps' on input line 4
85.

(/usr/local/texlive/2023/texmf-dist/tex/latex/latexconfig/epstopdf-sys.cfg
File: epstopdf-sys.cfg 2010/07/13 v1.3 Configuration of (r)epstopdf for TeX Liv
e
))
Package hyperref Info: Link coloring OFF on input line 45.

(./data_driven_selection.out) (./data_driven_selection.out)
\@outlinefile=\write5
\openout5 = `data_driven_selection.out'.

LaTeX Font Info:    Overwriting symbol font `operators' in version `normal'
(Font)                  OT1/cmr/m/n --> OT1/cmss/m/n on input line 45.
LaTeX Font Info:    Overwriting symbol font `operators' in version `bold'
(Font)                  OT1/cmr/bx/n --> OT1/cmss/b/n on input line 45.
\symnumbers=\mathgroup6
\sympureletters=\mathgroup7
LaTeX Font Info:    Overwriting math alphabet `\mathrm' in version `normal'
(Font)                  OT1/cmss/m/n --> OT1/cmr/m/n on input line 45.
LaTeX Font Info:    Redeclaring math alphabet \mathbf on input line 45.
LaTeX Font Info:    Overwriting math alphabet `\mathbf' in version `normal'
(Font)                  OT1/cmr/bx/n --> OT1/cmss/b/n on input line 45.
LaTeX Font Info:    Overwriting math alphabet `\mathbf' in version `bold'
(Font)                  OT1/cmr/bx/n --> OT1/cmss/b/n on input line 45.
LaTeX Font Info:    Redeclaring math alphabet \mathsf on input line 45.
LaTeX Font Info:    Overwriting math alphabet `\mathsf' in version `normal'
(Font)                  OT1/cmss/m/n --> OT1/cmss/m/n on input line 45.
LaTeX Font Info:    Overwriting math alphabet `\mathsf' in version `bold'
(Font)                  OT1/cmss/bx/n --> OT1/cmss/m/n on input line 45.
LaTeX Font Info:    Redeclaring math alphabet \mathit on input line 45.
LaTeX Font Info:    Overwriting math alphabet `\mathit' in version `normal'
(Font)                  OT1/cmr/m/it --> OT1/cmss/m/it on input line 45.
LaTeX Font Info:    Overwriting math alphabet `\mathit' in version `bold'
(Font)                  OT1/cmr/bx/it --> OT1/cmss/m/it on input line 45.
LaTeX Font Info:    Redeclaring math alphabet \mathtt on input line 45.
LaTeX Font Info:    Overwriting math alphabet `\mathtt' in version `normal'
(Font)                  OT1/cmtt/m/n --> OT1/cmtt/m/n on input line 45.
LaTeX Font Info:    Overwriting math alphabet `\mathtt' in version `bold'
(Font)                  OT1/cmtt/m/n --> OT1/cmtt/m/n on input line 45.
LaTeX Font Info:    Overwriting symbol font `numbers' in version `bold'
(Font)                  OT1/cmss/m/n --> OT1/cmss/b/n on input line 45.
LaTeX Font Info:    Overwriting symbol font `pureletters' in version `bold'
(Font)                  OT1/cmss/m/it --> OT1/cmss/b/it on input line 45.
LaTeX Font Info:    Overwriting math alphabet `\mathrm' in version `bold'
(Font)                  OT1/cmss/b/n --> OT1/cmr/b/n on input line 45.
LaTeX Font Info:    Overwriting math alphabet `\mathbf' in version `bold'
(Font)                  OT1/cmss/b/n --> OT1/cmss/b/n on input line 45.
LaTeX Font Info:    Overwriting math alphabet `\mathsf' in version `bold'
(Font)                  OT1/cmss/m/n --> OT1/cmss/b/n on input line 45.
LaTeX Font Info:    Overwriting math alphabet `\mathit' in version `bold'
(Font)                  OT1/cmss/m/it --> OT1/cmss/b/it on input line 45.
LaTeX Font Info:    Overwriting math alphabet `\mathtt' in version `bold'
(Font)                  OT1/cmtt/m/n --> OT1/cmtt/b/n on input line 45.
LaTeX Font Info:    Redeclaring symbol font `pureletters' on input line 45.
LaTeX Font Info:    Overwriting symbol font `pureletters' in version `normal'
(Font)                  OT1/cmss/m/it --> OT1/mathkerncmss/m/sl on input line 4
5.
LaTeX Font Info:    Overwriting symbol font `pureletters' in version `bold'
(Font)                  OT1/cmss/b/it --> OT1/mathkerncmss/m/sl on input line 4
5.
LaTeX Font Info:    Overwriting symbol font `pureletters' in version `bold'
(Font)                  OT1/mathkerncmss/m/sl --> OT1/mathkerncmss/bx/sl on inp
ut line 45.

(/usr/local/texlive/2023/texmf-dist/tex/latex/translator/translator-basic-dicti
onary-English.dict
Dictionary: translator-basic-dictionary, Language: English 
)
(/usr/local/texlive/2023/texmf-dist/tex/latex/translator/translator-bibliograph
y-dictionary-English.dict
Dictionary: translator-bibliography-dictionary, Language: English 
)
(/usr/local/texlive/2023/texmf-dist/tex/latex/translator/translator-environment
-dictionary-English.dict
Dictionary: translator-environment-dictionary, Language: English 
)
(/usr/local/texlive/2023/texmf-dist/tex/latex/translator/translator-months-dict
ionary-English.dict
Dictionary: translator-months-dictionary, Language: English 
)
(/usr/local/texlive/2023/texmf-dist/tex/latex/translator/translator-numbers-dic
tionary-English.dict
Dictionary: translator-numbers-dictionary, Language: English 
)
(/usr/local/texlive/2023/texmf-dist/tex/latex/translator/translator-theorem-dic
tionary-English.dict
Dictionary: translator-theorem-dictionary, Language: English 
) (./data_driven_selection.nav)
LaTeX Font Info:    Trying to load font information for U+msa on input line 45.


(/usr/local/texlive/2023/texmf-dist/tex/latex/amsfonts/umsa.fd
File: umsa.fd 2013/01/14 v3.01 AMS symbols A
)
LaTeX Font Info:    Trying to load font information for U+msb on input line 45.


(/usr/local/texlive/2023/texmf-dist/tex/latex/amsfonts/umsb.fd
File: umsb.fd 2013/01/14 v3.01 AMS symbols B
)
LaTeX Font Info:    Trying to load font information for OT1+mathkerncmss on inp
ut line 45.

(/usr/local/texlive/2023/texmf-dist/tex/latex/sansmathaccent/ot1mathkerncmss.fd
File: ot1mathkerncmss.fd 2020/01/31 Fontinst v1.933 font definitions for OT1/ma
thkerncmss.
)
Overfull \hbox (7.29922pt too wide) in paragraph at lines 59--59
[][]  
 []


Overfull \vbox (8.29922pt too high) detected at line 59
 []

[1

{/usr/local/texlive/2023/texmf-var/fonts/map/pdftex/updmap/pdftex.map}]
[2

]
<figures/pnas_page1.pdf, id=37, 587.19376pt x 785.93625pt>
File: figures/pnas_page1.pdf Graphic file (type pdf)
<use figures/pnas_page1.pdf>
Package pdftex.def Info: figures/pnas_page1.pdf  used on input line 75.
(pdftex.def)             Requested size: 307.28987pt x 142.76994pt.
 [3

 <./figures/pnas_page1.pdf>]
<figures/wikipedia_logo.png, id=106, 501.875pt x 457.71pt>
File: figures/wikipedia_logo.png Graphic file (type png)
<use figures/wikipedia_logo.png>
Package pdftex.def Info: figures/wikipedia_logo.png  used on input line 84.
(pdftex.def)             Requested size: 245.83282pt x 224.20303pt.
 [4

 <./figures/wikipedia_logo.png>]
<figures/lander_initial_2001_title.png, id=114, 903.375pt x 200.75pt>
File: figures/lander_initial_2001_title.png Graphic file (type png)
<use figures/lander_initial_2001_title.png>
Package pdftex.def Info: figures/lander_initial_2001_title.png  used on input l
ine 92.
(pdftex.def)             Requested size: 307.28987pt x 68.28778pt.
 [5

 <./figures/lander_initial_2001_title.png>]
<figures/lander_initial_2001_authors.pdf, id=120, 597.23125pt x 785.93625pt>
File: figures/lander_initial_2001_authors.pdf Graphic file (type pdf)
<use figures/lander_initial_2001_authors.pdf>
Package pdftex.def Info: figures/lander_initial_2001_authors.pdf  used on input
 line 100.
(pdftex.def)             Requested size: 204.14949pt x 268.64662pt.

Overfull \vbox (9.0pt too high) detected at line 100
 []

[6

 <./figures/lander_initial_2001_authors.pdf>]
<figures/aad_combined_2015_title.png, id=168, 883.3pt x 261.97874pt>
File: figures/aad_combined_2015_title.png Graphic file (type png)
<use figures/aad_combined_2015_title.png>
Package pdftex.def Info: figures/aad_combined_2015_title.png  used on input lin
e 111.
(pdftex.def)             Requested size: 307.28987pt x 91.13828pt.
 [7

 <./figures/aad_combined_2015_title.png>]
<figures/aad_combined_2015_authors_01.pdf, id=177, 614.295pt x 794.97pt>
File: figures/aad_combined_2015_authors_01.pdf Graphic file (type pdf)
<use figures/aad_combined_2015_authors_01.pdf>
Package pdftex.def Info: figures/aad_combined_2015_authors_01.pdf  used on inpu
t line 134.
(pdftex.def)             Requested size: 207.59212pt x 268.64662pt.

Overfull \vbox (9.0pt too high) detected at line 134
 []

[8

 <./figures/aad_combined_2015_authors_01.pdf>]
<figures/aad_combined_2015_authors_02.pdf, id=229, 614.295pt x 794.97pt>
File: figures/aad_combined_2015_authors_02.pdf Graphic file (type pdf)
<use figures/aad_combined_2015_authors_02.pdf>
Package pdftex.def Info: figures/aad_combined_2015_authors_02.pdf  used on inpu
t line 134.
(pdftex.def)             Requested size: 207.59212pt x 268.64662pt.

Overfull \vbox (9.0pt too high) detected at line 134
 []

[9

 <./figures/aad_combined_2015_authors_02.pdf>]
<figures/aad_combined_2015_authors_03.pdf, id=252, 614.295pt x 794.97pt>
File: figures/aad_combined_2015_authors_03.pdf Graphic file (type pdf)
<use figures/aad_combined_2015_authors_03.pdf>
Package pdftex.def Info: figures/aad_combined_2015_authors_03.pdf  used on inpu
t line 134.
(pdftex.def)             Requested size: 207.59212pt x 268.64662pt.

Overfull \vbox (9.0pt too high) detected at line 134
 []

[10

 <./figures/aad_combined_2015_authors_03.pdf>]
<figures/aad_combined_2015_authors_04.pdf, id=282, 614.295pt x 794.97pt>
File: figures/aad_combined_2015_authors_04.pdf Graphic file (type pdf)
<use figures/aad_combined_2015_authors_04.pdf>
Package pdftex.def Info: figures/aad_combined_2015_authors_04.pdf  used on inpu
t line 134.
(pdftex.def)             Requested size: 207.59212pt x 268.64662pt.

Overfull \vbox (9.0pt too high) detected at line 134
 []

[11

 <./figures/aad_combined_2015_authors_04.pdf>]
<figures/aad_combined_2015_authors_05.pdf, id=312, 614.295pt x 794.97pt>
File: figures/aad_combined_2015_authors_05.pdf Graphic file (type pdf)
<use figures/aad_combined_2015_authors_05.pdf>
Package pdftex.def Info: figures/aad_combined_2015_authors_05.pdf  used on inpu
t line 134.
(pdftex.def)             Requested size: 207.59212pt x 268.64662pt.

Overfull \vbox (9.0pt too high) detected at line 134
 []

[12

 <./figures/aad_combined_2015_authors_05.pdf>]
<figures/aad_combined_2015_authors_06.pdf, id=340, 614.295pt x 794.97pt>
File: figures/aad_combined_2015_authors_06.pdf Graphic file (type pdf)
<use figures/aad_combined_2015_authors_06.pdf>
Package pdftex.def Info: figures/aad_combined_2015_authors_06.pdf  used on inpu
t line 134.
(pdftex.def)             Requested size: 207.59212pt x 268.64662pt.

Overfull \vbox (9.0pt too high) detected at line 134
 []

[13

 <./figures/aad_combined_2015_authors_06.pdf>]
<figures/aad_combined_2015_authors_07.pdf, id=371, 614.295pt x 794.97pt>
File: figures/aad_combined_2015_authors_07.pdf Graphic file (type pdf)
<use figures/aad_combined_2015_authors_07.pdf>
Package pdftex.def Info: figures/aad_combined_2015_authors_07.pdf  used on inpu
t line 134.
(pdftex.def)             Requested size: 207.59212pt x 268.64662pt.

Overfull \vbox (9.0pt too high) detected at line 134
 []

[14

 <./figures/aad_combined_2015_authors_07.pdf>]
<figures/aad_combined_2015_authors_08.pdf, id=402, 614.295pt x 794.97pt>
File: figures/aad_combined_2015_authors_08.pdf Graphic file (type pdf)
<use figures/aad_combined_2015_authors_08.pdf>
Package pdftex.def Info: figures/aad_combined_2015_authors_08.pdf  used on inpu
t line 134.
(pdftex.def)             Requested size: 207.59212pt x 268.64662pt.

Overfull \vbox (9.0pt too high) detected at line 134
 []

[15

 <./figures/aad_combined_2015_authors_08.pdf>]
<figures/aad_combined_2015_authors_09.pdf, id=425, 614.295pt x 794.97pt>
File: figures/aad_combined_2015_authors_09.pdf Graphic file (type pdf)
<use figures/aad_combined_2015_authors_09.pdf>
Package pdftex.def Info: figures/aad_combined_2015_authors_09.pdf  used on inpu
t line 134.
(pdftex.def)             Requested size: 207.59212pt x 268.64662pt.

Overfull \vbox (9.0pt too high) detected at line 134
 []

[16

 <./figures/aad_combined_2015_authors_09.pdf>]
<figures/aad_combined_2015_authors_10.pdf, id=452, 614.295pt x 794.97pt>
File: figures/aad_combined_2015_authors_10.pdf Graphic file (type pdf)
<use figures/aad_combined_2015_authors_10.pdf>
Package pdftex.def Info: figures/aad_combined_2015_authors_10.pdf  used on inpu
t line 134.
(pdftex.def)             Requested size: 207.59212pt x 268.64662pt.

Overfull \vbox (9.0pt too high) detected at line 134
 []

[17

 <./figures/aad_combined_2015_authors_10.pdf>]
<figures/aad_combined_2015_authors_11.pdf, id=479, 614.295pt x 794.97pt>
File: figures/aad_combined_2015_authors_11.pdf Graphic file (type pdf)
<use figures/aad_combined_2015_authors_11.pdf>
Package pdftex.def Info: figures/aad_combined_2015_authors_11.pdf  used on inpu
t line 134.
(pdftex.def)             Requested size: 207.59212pt x 268.64662pt.

Overfull \vbox (9.0pt too high) detected at line 134
 []

[18

 <./figures/aad_combined_2015_authors_11.pdf>]
<figures/aad_combined_2015_authors_12.pdf, id=502, 614.295pt x 794.97pt>
File: figures/aad_combined_2015_authors_12.pdf Graphic file (type pdf)
<use figures/aad_combined_2015_authors_12.pdf>
Package pdftex.def Info: figures/aad_combined_2015_authors_12.pdf  used on inpu
t line 134.
(pdftex.def)             Requested size: 207.59212pt x 268.64662pt.

Overfull \vbox (9.0pt too high) detected at line 134
 []

[19

 <./figures/aad_combined_2015_authors_12.pdf>]
<figures/aad_combined_2015_authors_13.pdf, id=529, 614.295pt x 794.97pt>
File: figures/aad_combined_2015_authors_13.pdf Graphic file (type pdf)
<use figures/aad_combined_2015_authors_13.pdf>
Package pdftex.def Info: figures/aad_combined_2015_authors_13.pdf  used on inpu
t line 134.
(pdftex.def)             Requested size: 207.59212pt x 268.64662pt.

Overfull \vbox (9.0pt too high) detected at line 134
 []

[20

 <./figures/aad_combined_2015_authors_13.pdf>]
<figures/aad_combined_2015_authors_14.pdf, id=555, 614.295pt x 794.97pt>
File: figures/aad_combined_2015_authors_14.pdf Graphic file (type pdf)
<use figures/aad_combined_2015_authors_14.pdf>
Package pdftex.def Info: figures/aad_combined_2015_authors_14.pdf  used on inpu
t line 134.
(pdftex.def)             Requested size: 207.59212pt x 268.64662pt.

Overfull \vbox (9.0pt too high) detected at line 134
 []

[21

 <./figures/aad_combined_2015_authors_14.pdf>]
<figures/aad_combined_2015_authors_15.pdf, id=585, 614.295pt x 794.97pt>
File: figures/aad_combined_2015_authors_15.pdf Graphic file (type pdf)
<use figures/aad_combined_2015_authors_15.pdf>
Package pdftex.def Info: figures/aad_combined_2015_authors_15.pdf  used on inpu
t line 134.
(pdftex.def)             Requested size: 207.59212pt x 268.64662pt.

Overfull \vbox (9.0pt too high) detected at line 134
 []

[22

 <./figures/aad_combined_2015_authors_15.pdf>]
<figures/aad_combined_2015_authors_16.pdf, id=611, 614.295pt x 794.97pt>
File: figures/aad_combined_2015_authors_16.pdf Graphic file (type pdf)
<use figures/aad_combined_2015_authors_16.pdf>
Package pdftex.def Info: figures/aad_combined_2015_authors_16.pdf  used on inpu
t line 134.
(pdftex.def)             Requested size: 207.59212pt x 268.64662pt.

Overfull \vbox (9.0pt too high) detected at line 134
 []

[23

 <./figures/aad_combined_2015_authors_16.pdf>] [24

]
Overfull \hbox (7.29922pt too wide) in paragraph at lines 182--182
 [][] 
 []


Overfull \vbox (8.29922pt too high) detected at line 182
 []

[25

]
Overfull \hbox (7.29922pt too wide) in paragraph at lines 182--182
 [][] 
 []


Overfull \vbox (8.29922pt too high) detected at line 182
 []

[26

]
Overfull \hbox (7.29922pt too wide) in paragraph at lines 182--182
 [][] 
 []


Overfull \vbox (8.29922pt too high) detected at line 182
 []

[27

]
Overfull \hbox (7.29922pt too wide) in paragraph at lines 182--182
 [][] 
 []


Overfull \vbox (8.29922pt too high) detected at line 182
 []

[28

]
Overfull \hbox (7.29922pt too wide) in paragraph at lines 182--182
 [][] 
 []


Overfull \vbox (8.29922pt too high) detected at line 182
 []

[29

]
Overfull \hbox (7.29922pt too wide) in paragraph at lines 182--182
 [][] 
 []


Overfull \vbox (8.29922pt too high) detected at line 182
 []

[30

]
Overfull \hbox (7.29922pt too wide) in paragraph at lines 182--182
 [][] 
 []


Overfull \vbox (8.29922pt too high) detected at line 182
 []

[31

]
Overfull \hbox (7.29922pt too wide) in paragraph at lines 182--182
 [][] 
 []


Overfull \vbox (8.29922pt too high) detected at line 182
 []

[32

]
Overfull \hbox (7.29922pt too wide) in paragraph at lines 182--182
 [][] 
 []


Overfull \vbox (8.29922pt too high) detected at line 182
 []

[33

]
<figures/ff_logo.jpg, id=689, 240.9pt x 59.9841pt>
File: figures/ff_logo.jpg Graphic file (type jpg)
<use figures/ff_logo.jpg>
Package pdftex.def Info: figures/ff_logo.jpg  used on input line 196.
(pdftex.def)             Requested size: 307.28987pt x 76.52216pt.
 [34

 <./figures/ff_logo.jpg>]
<figures/ff_design_public_b9.png, id=696, 963.6pt x 700.6175pt>
File: figures/ff_design_public_b9.png Graphic file (type png)
<use figures/ff_design_public_b9.png>
Package pdftex.def Info: figures/ff_design_public_b9.png  used on input line 20
6.
(pdftex.def)             Requested size: 295.5811pt x 214.9181pt.
 [35

 <./figures/ff_design_public_b9.png>]
<figures/ff_design_public2.png, id=703, 963.6pt x 700.6175pt>
File: figures/ff_design_public2.png Graphic file (type png)
<use figures/ff_design_public2.png>
Package pdftex.def Info: figures/ff_design_public2.png  used on input line 206.

(pdftex.def)             Requested size: 295.5811pt x 214.9181pt.

[36

 <./figures/ff_design_public2.png>] [37

]
<figures/ffc_design_matrix_ml.png, id=716, 559.8516pt x 278.9622pt>
File: figures/ffc_design_matrix_ml.png Graphic file (type png)
<use figures/ffc_design_matrix_ml.png>
Package pdftex.def Info: figures/ffc_design_matrix_ml.png  used on input line 2
29.
(pdftex.def)             Requested size: 307.28987pt x 153.11469pt.
 [38

 <./figures/ffc_design_matrix_ml.png>] [39

] [40

]
<figures/image0.pdf, id=733, 404.51125pt x 361.35pt>
File: figures/image0.pdf Graphic file (type pdf)
<use figures/image0.pdf>
Package pdftex.def Info: figures/image0.pdf  used on input line 262.
(pdftex.def)             Requested size: 307.28987pt x 274.50755pt.

Overfull \hbox (7.29921pt too wide) in paragraph at lines 262--262
 [][] 
 []


Overfull \vbox (14.16014pt too high) detected at line 262
 []

[41

 <./figures/image0.pdf>]
<figures/image1.pdf, id=752, 404.51125pt x 361.35pt>
File: figures/image1.pdf Graphic file (type pdf)
<use figures/image1.pdf>
Package pdftex.def Info: figures/image1.pdf  used on input line 262.
(pdftex.def)             Requested size: 307.28987pt x 274.50755pt.

Overfull \hbox (7.29921pt too wide) in paragraph at lines 262--262
 [][] 
 []


Overfull \vbox (14.16014pt too high) detected at line 262
 []

[42

 <./figures/image1.pdf>]
File: figures/image1.pdf Graphic file (type pdf)
<use figures/image1.pdf>
Package pdftex.def Info: figures/image1.pdf  used on input line 262.
(pdftex.def)             Requested size: 307.28987pt x 274.50755pt.
<figures/gpa_best_scatter.pdf, id=766, 216.81pt x 216.81pt>
File: figures/gpa_best_scatter.pdf Graphic file (type pdf)
<use figures/gpa_best_scatter.pdf>
Package pdftex.def Info: figures/gpa_best_scatter.pdf  used on input line 262.
(pdftex.def)             Requested size: 134.32817pt x 134.3233pt.

Overfull \hbox (7.29921pt too wide) in paragraph at lines 262--262
 [][] 
 []


Overfull \vbox (14.16014pt too high) detected at line 262
 []

[43

 <./figures/gpa_best_scatter.pdf>]
File: figures/image1.pdf Graphic file (type pdf)
<use figures/image1.pdf>
Package pdftex.def Info: figures/image1.pdf  used on input line 262.
(pdftex.def)             Requested size: 307.28987pt x 274.50755pt.
<figures/gpa_best_scatter_diagonal.pdf, id=780, 216.81pt x 216.81pt>
File: figures/gpa_best_scatter_diagonal.pdf Graphic file (type pdf)
<use figures/gpa_best_scatter_diagonal.pdf>
Package pdftex.def Info: figures/gpa_best_scatter_diagonal.pdf  used on input l
ine 262.
(pdftex.def)             Requested size: 134.32817pt x 134.3233pt.

Overfull \hbox (7.29921pt too wide) in paragraph at lines 262--262
 [][] 
 []


Overfull \vbox (14.16014pt too high) detected at line 262
 []

[44

 <./figures/gpa_best_scatter_diagonal.pdf>]
File: figures/image1.pdf Graphic file (type pdf)
<use figures/image1.pdf>
Package pdftex.def Info: figures/image1.pdf  used on input line 262.
(pdftex.def)             Requested size: 307.28987pt x 274.50755pt.
<figures/gpa_best_scatter_horizontal.pdf, id=792, 216.81pt x 216.81pt>
File: figures/gpa_best_scatter_horizontal.pdf Graphic file (type pdf)
<use figures/gpa_best_scatter_horizontal.pdf>
Package pdftex.def Info: figures/gpa_best_scatter_horizontal.pdf  used on input
 line 262.
(pdftex.def)             Requested size: 134.32817pt x 134.3233pt.

Overfull \hbox (7.29921pt too wide) in paragraph at lines 262--262
 [][] 
 []


Overfull \vbox (14.16014pt too high) detected at line 262
 []

[45

 <./figures/gpa_best_scatter_horizontal.pdf>]
File: figures/image1.pdf Graphic file (type pdf)
<use figures/image1.pdf>
Package pdftex.def Info: figures/image1.pdf  used on input line 262.
(pdftex.def)             Requested size: 307.28987pt x 274.50755pt.

Overfull \hbox (7.29921pt too wide) in paragraph at lines 262--262
 [][] 
 []


Overfull \vbox (14.16014pt too high) detected at line 262
 []

[46

]
<figures/image1a.pdf, id=809, 404.51125pt x 361.35pt>
File: figures/image1a.pdf Graphic file (type pdf)
<use figures/image1a.pdf>
Package pdftex.def Info: figures/image1a.pdf  used on input line 262.
(pdftex.def)             Requested size: 307.28987pt x 274.50755pt.

Overfull \hbox (7.29921pt too wide) in paragraph at lines 262--262
 [][] 
 []


Overfull \vbox (14.16014pt too high) detected at line 262
 []

[47

 <./figures/image1a.pdf>]
<figures/4_heatmaps_sqerr_6outcomes.pdf, id=823, 343.2825pt x 578.16pt>
File: figures/4_heatmaps_sqerr_6outcomes.pdf Graphic file (type pdf)
<use figures/4_heatmaps_sqerr_6outcomes.pdf>
Package pdftex.def Info: figures/4_heatmaps_sqerr_6outcomes.pdf  used on input 
line 267.
(pdftex.def)             Requested size: 307.28987pt x 86.04013pt.
 [48

 <./figures/4_heatmaps_sqerr_6outcomes.pdf>]
File: figures/4_heatmaps_sqerr_6outcomes.pdf Graphic file (type pdf)
<use figures/4_heatmaps_sqerr_6outcomes.pdf>
Package pdftex.def Info: figures/4_heatmaps_sqerr_6outcomes.pdf  used on input 
line 272.
(pdftex.def)             Requested size: 307.28987pt x 86.04013pt.

[49

] [50

] [51

]
Overfull \hbox (7.29922pt too wide) in paragraph at lines 294--294
[][]  
 []


Overfull \vbox (8.29922pt too high) detected at line 294
 []

[52

]
Overfull \hbox (7.29922pt too wide) in paragraph at lines 294--294
[][]  
 []


Overfull \vbox (8.29922pt too high) detected at line 294
 []

[53

]
Overfull \hbox (7.29922pt too wide) in paragraph at lines 294--294
[][]  
 []


Overfull \vbox (8.29922pt too high) detected at line 294
 []

[54

]
Overfull \hbox (7.29922pt too wide) in paragraph at lines 294--294
[][]  
 []


Overfull \vbox (8.29922pt too high) detected at line 294
 []

[55

]
Overfull \hbox (7.29922pt too wide) in paragraph at lines 317--317
[][]  
 []


Overfull \vbox (8.29922pt too high) detected at line 317
 []

[56

]
Overfull \hbox (7.29922pt too wide) in paragraph at lines 317--317
[][]  
 []


Overfull \vbox (8.29922pt too high) detected at line 317
 []

[57

]
Overfull \hbox (7.29922pt too wide) in paragraph at lines 317--317
[][]  
 []


Overfull \vbox (8.29922pt too high) detected at line 317
 []

[58

]
Overfull \hbox (7.29922pt too wide) in paragraph at lines 317--317
[][]  
 []


Overfull \vbox (8.29922pt too high) detected at line 317
 []

[59

]
Overfull \hbox (7.29922pt too wide) in paragraph at lines 317--317
[][]  
 []


Overfull \vbox (8.29922pt too high) detected at line 317
 []

[60

]
Overfull \hbox (7.29922pt too wide) in paragraph at lines 317--317
[][]  
 []


Overfull \vbox (8.29922pt too high) detected at line 317
 []

[61

]
Overfull \hbox (7.29922pt too wide) in paragraph at lines 317--317
[][]  
 []


Overfull \vbox (8.29922pt too high) detected at line 317
 []

[62

]
Overfull \hbox (7.29922pt too wide) in paragraph at lines 329--329
[][]  
 []


Overfull \vbox (8.29922pt too high) detected at line 329
 []

[63

]
Overfull \hbox (7.29922pt too wide) in paragraph at lines 329--329
[][]  
 []


Overfull \vbox (8.29922pt too high) detected at line 329
 []

[64

]
Overfull \hbox (7.29922pt too wide) in paragraph at lines 329--329
[][]  
 []


Overfull \vbox (8.29922pt too high) detected at line 329
 []

[65

]
Overfull \hbox (7.29922pt too wide) in paragraph at lines 329--329
[][]  
 []


Overfull \vbox (8.29922pt too high) detected at line 329
 []

[66

]
File: figures/image1a.pdf Graphic file (type pdf)
<use figures/image1a.pdf>
Package pdftex.def Info: figures/image1a.pdf  used on input line 336.
(pdftex.def)             Requested size: 307.28987pt x 274.50755pt.

Overfull \vbox (6.86093pt too high) detected at line 336
 []

[67

] [68

] [69

] [70

]
<figures/knn_0.pdf, id=965, 433.62pt x 289.08pt>
File: figures/knn_0.pdf Graphic file (type pdf)
<use figures/knn_0.pdf>
Package pdftex.def Info: figures/knn_0.pdf  used on input line 386.
(pdftex.def)             Requested size: 307.28987pt x 204.86888pt.
 [71

 <./figures/knn_0.pdf>]
<figures/knn_1.pdf, id=976, 433.62pt x 289.08pt>
File: figures/knn_1.pdf Graphic file (type pdf)
<use figures/knn_1.pdf>
Package pdftex.def Info: figures/knn_1.pdf  used on input line 386.
(pdftex.def)             Requested size: 307.28987pt x 204.86888pt.
 [72

 <./figures/knn_1.pdf>]
<figures/knn_2.pdf, id=987, 433.62pt x 289.08pt>
File: figures/knn_2.pdf Graphic file (type pdf)
<use figures/knn_2.pdf>
Package pdftex.def Info: figures/knn_2.pdf  used on input line 386.
(pdftex.def)             Requested size: 307.28987pt x 204.86888pt.

[73

 <./figures/knn_2.pdf>]
<figures/knn_3.pdf, id=999, 433.62pt x 289.08pt>
File: figures/knn_3.pdf Graphic file (type pdf)
<use figures/knn_3.pdf>
Package pdftex.def Info: figures/knn_3.pdf  used on input line 386.
(pdftex.def)             Requested size: 307.28987pt x 204.86888pt.
 [74

 <./figures/knn_3.pdf>]
<figures/knn_4.pdf, id=1010, 433.62pt x 289.08pt>
File: figures/knn_4.pdf Graphic file (type pdf)
<use figures/knn_4.pdf>
Package pdftex.def Info: figures/knn_4.pdf  used on input line 386.
(pdftex.def)             Requested size: 307.28987pt x 204.86888pt.
 [75

 <./figures/knn_4.pdf>]
<figures/knn_5.pdf, id=1021, 433.62pt x 289.08pt>
File: figures/knn_5.pdf Graphic file (type pdf)
<use figures/knn_5.pdf>
Package pdftex.def Info: figures/knn_5.pdf  used on input line 386.
(pdftex.def)             Requested size: 307.28987pt x 204.86888pt.
 [76

 <./figures/knn_5.pdf>]
<figures/knn_10.pdf, id=1032, 433.62pt x 289.08pt>
File: figures/knn_10.pdf Graphic file (type pdf)
<use figures/knn_10.pdf>
Package pdftex.def Info: figures/knn_10.pdf  used on input line 386.
(pdftex.def)             Requested size: 307.28987pt x 204.86888pt.
 [77

 <./figures/knn_10.pdf>]
<figures/knn_15.pdf, id=1043, 433.62pt x 289.08pt>
File: figures/knn_15.pdf Graphic file (type pdf)
<use figures/knn_15.pdf>
Package pdftex.def Info: figures/knn_15.pdf  used on input line 386.
(pdftex.def)             Requested size: 307.28987pt x 204.86888pt.
 [78

 <./figures/knn_15.pdf>]
<figures/knn_20.pdf, id=1054, 433.62pt x 289.08pt>
File: figures/knn_20.pdf Graphic file (type pdf)
<use figures/knn_20.pdf>
Package pdftex.def Info: figures/knn_20.pdf  used on input line 386.
(pdftex.def)             Requested size: 307.28987pt x 204.86888pt.
 [79

 <./figures/knn_20.pdf>]
<figures/knn_25.pdf, id=1067, 433.62pt x 289.08pt>
File: figures/knn_25.pdf Graphic file (type pdf)
<use figures/knn_25.pdf>
Package pdftex.def Info: figures/knn_25.pdf  used on input line 386.
(pdftex.def)             Requested size: 307.28987pt x 204.86888pt.
 [80

 <./figures/knn_25.pdf>]
<figures/knn_29.pdf, id=1078, 433.62pt x 289.08pt>
File: figures/knn_29.pdf Graphic file (type pdf)
<use figures/knn_29.pdf>
Package pdftex.def Info: figures/knn_29.pdf  used on input line 390.
(pdftex.def)             Requested size: 307.28987pt x 204.86888pt.
 [81

 <./figures/knn_29.pdf>] [82

]
<figures/randomize_split.pdf, id=1094, 433.62pt x 216.81pt>
File: figures/randomize_split.pdf Graphic file (type pdf)
<use figures/randomize_split.pdf>
Package pdftex.def Info: figures/randomize_split.pdf  used on input line 401.
(pdftex.def)             Requested size: 307.28987pt x 153.65166pt.
 [83

 <./figures/randomize_split.pdf>]
<figures/train_test.pdf, id=1106, 433.62pt x 216.81pt>
File: figures/train_test.pdf Graphic file (type pdf)
<use figures/train_test.pdf>
Package pdftex.def Info: figures/train_test.pdf  used on input line 405.
(pdftex.def)             Requested size: 307.28987pt x 153.65166pt.
 [84

 <./figures/train_test.pdf>] [85

] [86

]
<figures/five_folds.pdf, id=1132, 57.21375pt x 216.81pt>
File: figures/five_folds.pdf Graphic file (type pdf)
<use figures/five_folds.pdf>
Package pdftex.def Info: figures/five_folds.pdf  used on input line 443.
(pdftex.def)             Requested size: 45.77104pt x 173.44823pt.

Overfull \hbox (7.29922pt too wide) in paragraph at lines 443--443
[][]  
 []

[87

 <./figures/five_folds.pdf>]
File: figures/five_folds.pdf Graphic file (type pdf)
<use figures/five_folds.pdf>
Package pdftex.def Info: figures/five_folds.pdf  used on input line 443.
(pdftex.def)             Requested size: 45.77104pt x 173.44823pt.

Overfull \hbox (7.29922pt too wide) in paragraph at lines 443--443
[][]  
 []

[88

]
File: figures/five_folds.pdf Graphic file (type pdf)
<use figures/five_folds.pdf>
Package pdftex.def Info: figures/five_folds.pdf  used on input line 443.
(pdftex.def)             Requested size: 45.77104pt x 173.44823pt.
<figures/five_folds_1.pdf, id=1148, 57.21375pt x 216.81pt>
File: figures/five_folds_1.pdf Graphic file (type pdf)
<use figures/five_folds_1.pdf>
Package pdftex.def Info: figures/five_folds_1.pdf  used on input line 443.
(pdftex.def)             Requested size: 45.77104pt x 173.44823pt.

Overfull \hbox (7.29922pt too wide) in paragraph at lines 443--443
[][]  
 []

[89

 <./figures/five_folds_1.pdf>]
File: figures/five_folds.pdf Graphic file (type pdf)
<use figures/five_folds.pdf>
Package pdftex.def Info: figures/five_folds.pdf  used on input line 443.
(pdftex.def)             Requested size: 45.77104pt x 173.44823pt.
File: figures/five_folds_1.pdf Graphic file (type pdf)
<use figures/five_folds_1.pdf>
Package pdftex.def Info: figures/five_folds_1.pdf  used on input line 443.
(pdftex.def)             Requested size: 45.77104pt x 173.44823pt.
<figures/five_folds_2.pdf, id=1159, 57.21375pt x 216.81pt>
File: figures/five_folds_2.pdf Graphic file (type pdf)
<use figures/five_folds_2.pdf>
Package pdftex.def Info: figures/five_folds_2.pdf  used on input line 443.
(pdftex.def)             Requested size: 45.77104pt x 173.44823pt.

Overfull \hbox (7.29922pt too wide) in paragraph at lines 443--443
[][]  
 []

[90

 <./figures/five_folds_2.pdf>]
File: figures/five_folds.pdf Graphic file (type pdf)
<use figures/five_folds.pdf>
Package pdftex.def Info: figures/five_folds.pdf  used on input line 443.
(pdftex.def)             Requested size: 45.77104pt x 173.44823pt.
File: figures/five_folds_1.pdf Graphic file (type pdf)
<use figures/five_folds_1.pdf>
Package pdftex.def Info: figures/five_folds_1.pdf  used on input line 443.
(pdftex.def)             Requested size: 45.77104pt x 173.44823pt.
File: figures/five_folds_2.pdf Graphic file (type pdf)
<use figures/five_folds_2.pdf>
Package pdftex.def Info: figures/five_folds_2.pdf  used on input line 443.
(pdftex.def)             Requested size: 45.77104pt x 173.44823pt.
<figures/five_folds_3.pdf, id=1170, 57.21375pt x 216.81pt>
File: figures/five_folds_3.pdf Graphic file (type pdf)
<use figures/five_folds_3.pdf>
Package pdftex.def Info: figures/five_folds_3.pdf  used on input line 443.
(pdftex.def)             Requested size: 45.77104pt x 173.44823pt.

Overfull \hbox (7.29922pt too wide) in paragraph at lines 443--443
[][]  
 []

[91

 <./figures/five_folds_3.pdf>]
File: figures/five_folds.pdf Graphic file (type pdf)
<use figures/five_folds.pdf>
Package pdftex.def Info: figures/five_folds.pdf  used on input line 443.
(pdftex.def)             Requested size: 45.77104pt x 173.44823pt.
File: figures/five_folds_1.pdf Graphic file (type pdf)
<use figures/five_folds_1.pdf>
Package pdftex.def Info: figures/five_folds_1.pdf  used on input line 443.
(pdftex.def)             Requested size: 45.77104pt x 173.44823pt.
File: figures/five_folds_2.pdf Graphic file (type pdf)
<use figures/five_folds_2.pdf>
Package pdftex.def Info: figures/five_folds_2.pdf  used on input line 443.
(pdftex.def)             Requested size: 45.77104pt x 173.44823pt.
File: figures/five_folds_3.pdf Graphic file (type pdf)
<use figures/five_folds_3.pdf>
Package pdftex.def Info: figures/five_folds_3.pdf  used on input line 443.
(pdftex.def)             Requested size: 45.77104pt x 173.44823pt.
<figures/five_folds_4.pdf, id=1182, 57.21375pt x 216.81pt>
File: figures/five_folds_4.pdf Graphic file (type pdf)
<use figures/five_folds_4.pdf>
Package pdftex.def Info: figures/five_folds_4.pdf  used on input line 443.
(pdftex.def)             Requested size: 45.77104pt x 173.44823pt.

Overfull \hbox (7.29922pt too wide) in paragraph at lines 443--443
[][]  
 []

[92

 <./figures/five_folds_4.pdf>]
File: figures/five_folds.pdf Graphic file (type pdf)
<use figures/five_folds.pdf>
Package pdftex.def Info: figures/five_folds.pdf  used on input line 443.
(pdftex.def)             Requested size: 45.77104pt x 173.44823pt.
File: figures/five_folds_1.pdf Graphic file (type pdf)
<use figures/five_folds_1.pdf>
Package pdftex.def Info: figures/five_folds_1.pdf  used on input line 443.
(pdftex.def)             Requested size: 45.77104pt x 173.44823pt.
File: figures/five_folds_2.pdf Graphic file (type pdf)
<use figures/five_folds_2.pdf>
Package pdftex.def Info: figures/five_folds_2.pdf  used on input line 443.
(pdftex.def)             Requested size: 45.77104pt x 173.44823pt.
File: figures/five_folds_3.pdf Graphic file (type pdf)
<use figures/five_folds_3.pdf>
Package pdftex.def Info: figures/five_folds_3.pdf  used on input line 443.
(pdftex.def)             Requested size: 45.77104pt x 173.44823pt.
File: figures/five_folds_4.pdf Graphic file (type pdf)
<use figures/five_folds_4.pdf>
Package pdftex.def Info: figures/five_folds_4.pdf  used on input line 443.
(pdftex.def)             Requested size: 45.77104pt x 173.44823pt.
<figures/five_folds_5.pdf, id=1193, 57.21375pt x 216.81pt>
File: figures/five_folds_5.pdf Graphic file (type pdf)
<use figures/five_folds_5.pdf>
Package pdftex.def Info: figures/five_folds_5.pdf  used on input line 443.
(pdftex.def)             Requested size: 45.77104pt x 173.44823pt.

Overfull \hbox (7.29922pt too wide) in paragraph at lines 443--443
[][]  
 []

[93

 <./figures/five_folds_5.pdf>]
File: figures/five_folds.pdf Graphic file (type pdf)
<use figures/five_folds.pdf>
Package pdftex.def Info: figures/five_folds.pdf  used on input line 443.
(pdftex.def)             Requested size: 45.77104pt x 173.44823pt.
File: figures/five_folds_1.pdf Graphic file (type pdf)
<use figures/five_folds_1.pdf>
Package pdftex.def Info: figures/five_folds_1.pdf  used on input line 443.
(pdftex.def)             Requested size: 45.77104pt x 173.44823pt.
File: figures/five_folds_2.pdf Graphic file (type pdf)
<use figures/five_folds_2.pdf>
Package pdftex.def Info: figures/five_folds_2.pdf  used on input line 443.
(pdftex.def)             Requested size: 45.77104pt x 173.44823pt.
File: figures/five_folds_3.pdf Graphic file (type pdf)
<use figures/five_folds_3.pdf>
Package pdftex.def Info: figures/five_folds_3.pdf  used on input line 443.
(pdftex.def)             Requested size: 45.77104pt x 173.44823pt.
File: figures/five_folds_4.pdf Graphic file (type pdf)
<use figures/five_folds_4.pdf>
Package pdftex.def Info: figures/five_folds_4.pdf  used on input line 443.
(pdftex.def)             Requested size: 45.77104pt x 173.44823pt.
File: figures/five_folds_5.pdf Graphic file (type pdf)
<use figures/five_folds_5.pdf>
Package pdftex.def Info: figures/five_folds_5.pdf  used on input line 443.
(pdftex.def)             Requested size: 45.77104pt x 173.44823pt.

Overfull \hbox (7.29922pt too wide) in paragraph at lines 443--443
[][]  
 []

[94

] [95

]
<figures/many_algorithm_predictions.pdf, id=1215, 361.35pt x 216.81pt>
File: figures/many_algorithm_predictions.pdf Graphic file (type pdf)
<use figures/many_algorithm_predictions.pdf>
Package pdftex.def Info: figures/many_algorithm_predictions.pdf  used on input 
line 452.
(pdftex.def)             Requested size: 307.28987pt x 184.37538pt.
 [96

 <./figures/many_algorithm_predictions.pdf>]
<figures/many_algorithm_mse.pdf, id=1226, 361.35pt x 216.81pt>
File: figures/many_algorithm_mse.pdf Graphic file (type pdf)
<use figures/many_algorithm_mse.pdf>
Package pdftex.def Info: figures/many_algorithm_mse.pdf  used on input line 456
.
(pdftex.def)             Requested size: 307.28987pt x 184.37538pt.
 [97

 <./figures/many_algorithm_mse.pdf>] [98

] [99

]
<figures/si_missing_data.png, id=1248, 489.44858pt x 281.1303pt>
File: figures/si_missing_data.png Graphic file (type png)
<use figures/si_missing_data.png>
Package pdftex.def Info: figures/si_missing_data.png  used on input line 470.
(pdftex.def)             Requested size: 307.28987pt x 176.50388pt.
 [100

 <./figures/si_missing_data.png>]
<figures/si_outcome_text.png, id=1255, 487.28047pt x 596.9502pt>
File: figures/si_outcome_text.png Graphic file (type png)
<use figures/si_outcome_text.png>
Package pdftex.def Info: figures/si_outcome_text.png  used on input line 475.
(pdftex.def)             Requested size: 175.4357pt x 214.9181pt.
 [101

 <./figures/si_outcome_text.png>]
<figures/si_outcome_histograms.png, id=1262, 485.83507pt x 366.77025pt>
File: figures/si_outcome_histograms.png Graphic file (type png)
<use figures/si_outcome_histograms.png>
Package pdftex.def Info: figures/si_outcome_histograms.png  used on input line 
479.
(pdftex.def)             Requested size: 307.28987pt x 231.98988pt.
 [102

 <./figures/si_outcome_histograms.png>]
<figures/si_disciplines.png, id=1269, 491.79735pt x 209.04097pt>
File: figures/si_disciplines.png Graphic file (type png)
<use figures/si_disciplines.png>
Package pdftex.def Info: figures/si_disciplines.png  used on input line 483.
(pdftex.def)             Requested size: 307.28987pt x 130.61836pt.
 [103

 <./figures/si_disciplines.png>]
<figures/si_qualifying_table.png, id=1277, 497.03693pt x 196.21304pt>
File: figures/si_qualifying_table.png Graphic file (type png)
<use figures/si_qualifying_table.png>
Package pdftex.def Info: figures/si_qualifying_table.png  used on input line 48
7.
(pdftex.def)             Requested size: 307.28987pt x 121.30652pt.
 [104

 <./figures/si_qualifying_table.png>]
<figures/si_best_vs_benchmark.png, id=1284, 494.14612pt x 493.24275pt>
File: figures/si_best_vs_benchmark.png Graphic file (type png)
<use figures/si_best_vs_benchmark.png>
Package pdftex.def Info: figures/si_best_vs_benchmark.png  used on input line 4
92.
(pdftex.def)             Requested size: 215.31375pt x 214.9181pt.
 [105

 <./figures/si_best_vs_benchmark.png>]
<figures/si_best_benchmark_scatter.png, id=1291, 478.24672pt x 325.215pt>
File: figures/si_best_benchmark_scatter.png Graphic file (type png)
<use figures/si_best_benchmark_scatter.png>
Package pdftex.def Info: figures/si_best_benchmark_scatter.png  used on input l
ine 496.
(pdftex.def)             Requested size: 307.28987pt x 208.97057pt.
 [106

 <./figures/si_best_benchmark_scatter.png>]
<figures/si_worse_than_benchmark.png, id=1298, 494.50748pt x 240.83977pt>
File: figures/si_worse_than_benchmark.png Graphic file (type png)
<use figures/si_worse_than_benchmark.png>
Package pdftex.def Info: figures/si_worse_than_benchmark.png  used on input lin
e 500.
(pdftex.def)             Requested size: 307.28987pt x 149.66087pt.
 [107

 <./figures/si_worse_than_benchmark.png>]
<figures/si_ensemble.png, id=1305, 492.1587pt x 342.01778pt>
File: figures/si_ensemble.png Graphic file (type png)
<use figures/si_ensemble.png>
Package pdftex.def Info: figures/si_ensemble.png  used on input line 504.
(pdftex.def)             Requested size: 307.28987pt x 213.54662pt.
 [108

 <./figures/si_ensemble.png>]
<figures/si_best_teams.png, id=1312, 666.3294pt x 398.2077pt>
File: figures/si_best_teams.png Graphic file (type png)
<use figures/si_best_teams.png>
Package pdftex.def Info: figures/si_best_teams.png  used on input line 508.
(pdftex.def)             Requested size: 307.28987pt x 183.63954pt.
 [109

 <./figures/si_best_teams.png>]
<figures/si_algorithms.png, id=1320, 518.71793pt x 425.12828pt>
File: figures/si_algorithms.png Graphic file (type png)
<use figures/si_algorithms.png>
Package pdftex.def Info: figures/si_algorithms.png  used on input line 512.
(pdftex.def)             Requested size: 307.28987pt x 251.85492pt.

Overfull \vbox (7.0818pt too high) detected at line 512
 []

[110

 <./figures/si_algorithms.png>]
\tf@nav=\write6
\openout6 = `data_driven_selection.nav'.

\tf@toc=\write7
\openout7 = `data_driven_selection.toc'.

\tf@snm=\write8
\openout8 = `data_driven_selection.snm'.

 (./data_driven_selection.aux)
Package rerunfilecheck Info: File `data_driven_selection.out' has not changed.
(rerunfilecheck)             Checksum: 2B7DC35E5C58A6A57F07CA223128637A;252.
 ) 
Here is how much of TeX's memory you used:
 27977 strings out of 476025
 588178 string characters out of 5790016
 1863388 words of memory out of 5000000
 47605 multiletter control sequences out of 15000+600000
 524493 words of font info for 76 fonts, out of 8000000 for 9000
 1141 hyphenation exceptions out of 8191
 128i,14n,122p,396b,743s stack positions out of 10000i,1000n,20000p,200000b,200000s
</usr/local/texlive/2023/texmf-dist/fonts/type1/public/amsfonts/cmextra/cmex8
.pfb></usr/local/texlive/2023/texmf-dist/fonts/type1/public/amsfonts/cm/cmss10.
pfb></usr/local/texlive/2023/texmf-dist/fonts/type1/public/amsfonts/cm/cmss12.p
fb></usr/local/texlive/2023/texmf-dist/fonts/type1/public/amsfonts/cm/cmss17.pf
b></usr/local/texlive/2023/texmf-dist/fonts/type1/public/amsfonts/cm/cmss8.pfb>
</usr/local/texlive/2023/texmf-dist/fonts/type1/public/amsfonts/cm/cmss9.pfb></
usr/local/texlive/2023/texmf-dist/fonts/type1/public/amsfonts/cm/cmssbx10.pfb><
/usr/local/texlive/2023/texmf-dist/fonts/type1/public/amsfonts/cm/cmssi10.pfb><
/usr/local/texlive/2023/texmf-dist/fonts/type1/public/amsfonts/cm/cmssi8.pfb></
usr/local/texlive/2023/texmf-dist/fonts/type1/public/amsfonts/cm/cmsy10.pfb></u
sr/local/texlive/2023/texmf-dist/fonts/type1/public/amsfonts/cm/cmsy6.pfb></usr
/local/texlive/2023/texmf-dist/fonts/type1/public/amsfonts/cm/cmsy7.pfb></usr/l
ocal/texlive/2023/texmf-dist/fonts/type1/public/amsfonts/cm/cmsy8.pfb></usr/loc
al/texlive/2023/texmf-dist/fonts/type1/public/amsfonts/cm/cmtt8.pfb></usr/local
/texlive/2023/texmf-dist/fonts/type1/public/amsfonts/symbols/msam10.pfb>
Output written on data_driven_selection.pdf (110 pages, 7621314 bytes).
PDF statistics:
 1442 PDF objects out of 1728 (max. 8388607)
 1008 compressed objects within 11 object streams
 223 named destinations out of 1000 (max. 500000)
 397 words of extra memory for PDF output out of 10000 (max. 10000000)

